2024-11-14 18:16:55,494 - library.logger - INFO - Starting: run
2024-11-14 18:17:10,023 - library.logger - INFO - Starting: execute_lab8
2024-11-14 18:17:15,561 - library.logger - INFO - Completed: execute_lab8
2024-11-14 18:17:19,473 - library.logger - INFO - Completed: run
2024-11-15 19:24:02,738 - library.logger - INFO - Starting: run
2024-11-15 19:27:22,778 - library.logger - INFO - Completed: run
2024-11-15 20:52:48,138 - library.logger - INFO - Starting: run
2024-11-15 20:53:08,999 - library.logger - INFO - Starting: execute_lab1
2024-11-15 20:53:23,241 - library.logger - INFO - Completed: execute_lab1
2024-11-15 20:53:29,982 - library.logger - INFO - Starting: execute_lab6
2024-11-15 20:53:30,021 - library.logger - INFO - Completed: execute_lab6
2024-11-15 20:53:40,346 - library.logger - INFO - Starting: execute_lab5
2024-11-15 20:54:08,450 - library.logger - INFO - Completed: execute_lab5
2024-11-15 20:54:11,004 - library.logger - INFO - Starting: execute_lab8
2024-11-15 20:54:16,667 - library.logger - INFO - Completed: execute_lab8
2024-11-15 20:54:25,929 - library.logger - INFO - Completed: run
2024-11-15 23:03:52,172 - library.logger - INFO - Starting: run
2024-11-15 23:05:48,354 - library.logger - INFO - Starting: execute_lab1
2024-11-15 23:06:02,282 - library.logger - INFO - Completed: run
2024-11-16 09:21:29,316 - library.logger - INFO - Starting: run
2024-11-16 09:29:05,010 - library.logger - INFO - Completed: run
2024-11-16 10:32:34,873 - library.logger - INFO - Starting: run
2024-11-16 10:32:41,171 - library.logger - INFO - Completed: run
2024-11-16 10:32:42,903 - library.logger - INFO - Starting: run
2024-11-16 10:32:49,717 - library.logger - INFO - Starting: execute_lab5
2024-11-16 10:33:30,073 - library.logger - INFO - Completed: execute_lab5
2024-11-16 10:33:38,550 - library.logger - INFO - Starting: execute_lab5
2024-11-16 10:33:41,767 - library.logger - INFO - Completed: execute_lab5
2024-11-16 10:33:47,701 - library.logger - INFO - Starting: execute_lab8
2024-11-16 10:33:48,784 - library.logger - INFO - Completed: execute_lab8
2024-11-16 10:34:14,225 - library.logger - INFO - Completed: run
2024-11-16 10:44:40,193 - library.logger - INFO - Starting: run
2024-11-16 11:15:04,136 - library.logger - INFO - Starting: execute_lab7
2024-11-16 11:15:04,166 - library.logger - ERROR - Error in execute_lab7: No module named 'service_factory_LAB7'
2024-11-16 11:15:09,210 - library.logger - INFO - Completed: run
2024-11-16 11:15:18,787 - library.logger - INFO - Starting: run
2024-11-16 11:49:35,970 - library.logger - INFO - Completed: run
